SF:lib/src/app.dart
DA:9,1
DA:11,1
DA:13,1
DA:14,1
DA:15,2
DA:16,1
DA:20,1
DA:22,1
LF:8
LH:8
end_of_record
SF:lib/src/blocs/app_bloc.dart
DA:9,3
DA:12,3
DA:14,3
DA:16,3
DA:20,3
DA:21,3
DA:23,6
DA:24,3
DA:26,1
DA:27,1
LF:10
LH:10
end_of_record
SF:lib/src/blocs/app_event.dart
DA:6,3
LF:1
LH:1
end_of_record
SF:lib/src/blocs/app_state.dart
DA:5,2
DA:6,2
DA:18,3
LF:3
LH:3
end_of_record
SF:lib/src/models/movies.dart
DA:19,6
DA:26,12
DA:28,1
DA:29,1
DA:30,1
DA:31,1
DA:32,1
DA:33,1
DA:78,7
DA:95,12
DA:97,1
DA:98,1
DA:99,1
DA:100,1
DA:101,1
DA:102,1
DA:103,1
DA:104,1
DA:105,1
DA:106,1
DA:107,1
DA:108,1
DA:109,1
DA:110,1
DA:111,1
DA:112,1
DA:115,4
DA:116,6
LF:28
LH:28
end_of_record
SF:lib/src/models/movies.g.dart
DA:9,6
DA:10,6
DA:11,6
DA:12,6
DA:13,6
DA:14,6
DA:15,18
DA:16,6
DA:19,0
DA:20,0
DA:21,0
DA:22,0
DA:23,0
DA:24,0
DA:27,12
DA:28,6
DA:29,6
DA:30,6
DA:31,12
DA:32,6
DA:33,6
DA:34,6
DA:35,6
DA:36,6
DA:37,6
DA:38,6
DA:39,10
DA:40,6
DA:41,6
DA:44,0
DA:45,0
DA:46,0
DA:47,0
DA:48,0
DA:49,0
DA:50,0
DA:51,0
DA:52,0
DA:53,0
DA:54,0
DA:55,0
DA:56,0
DA:57,0
DA:58,0
LF:44
LH:23
end_of_record
SF:lib/src/providers/app_provider.dart
DA:10,2
DA:15,2
DA:17,2
DA:18,2
DA:19,5
DA:21,2
LF:6
LH:6
end_of_record
SF:lib/src/services/app_service.dart
DA:9,1
DA:15,2
DA:17,2
DA:21,2
DA:24,6
DA:26,4
DA:27,3
DA:31,4
DA:33,2
LF:9
LH:9
end_of_record
SF:lib/src/widgets/home.dart
DA:10,2
DA:13,2
DA:15,2
DA:16,2
DA:20,2
DA:22,2
DA:23,8
DA:26,4
DA:27,2
DA:28,2
DA:29,2
DA:30,2
DA:31,2
DA:40,2
DA:42,2
DA:43,2
DA:44,6
DA:46,2
DA:47,2
DA:48,2
DA:49,2
DA:53,4
DA:55,2
DA:56,2
DA:60,2
DA:61,2
DA:65,2
DA:66,1
DA:68,1
DA:71,4
LF:30
LH:30
end_of_record
SF:lib/src/widgets/movie_card.dart
DA:7,3
DA:10,3
DA:12,3
DA:14,3
DA:16,3
DA:17,3
DA:19,3
DA:20,3
DA:21,3
DA:23,3
DA:24,6
DA:27,3
DA:29,3
DA:30,6
DA:31,12
DA:33,3
DA:36,3
DA:37,6
DA:38,12
DA:39,3
DA:41,3
DA:43,3
DA:44,3
DA:45,3
DA:46,3
DA:47,3
DA:48,3
DA:50,3
DA:51,6
DA:52,12
LF:30
LH:30
end_of_record
SF:lib/src/widgets/movies_list.dart
DA:8,2
DA:10,2
DA:12,4
DA:13,2
DA:15,2
DA:16,2
DA:17,2
DA:18,2
DA:19,6
DA:23,2
LF:10
LH:10
end_of_record
